<?xml version="1.0" encoding="UTF-8"?>
<testsuites>
  <testsuite name="fastlane.lanes">
    
    
    
      
      <testcase classname="fastlane.lanes" name="0: default_platform" time="0.007647">
        
      </testcase>
    
      
      <testcase classname="fastlane.lanes" name="1: clear_derived_data" time="0.466511">
        
      </testcase>
    
      
      <testcase classname="fastlane.lanes" name="2: setup_travis" time="0.001561">
        
      </testcase>
    
      
      <testcase classname="fastlane.lanes" name="3: Switch to ios build lane" time="0.000903">
        
      </testcase>
    
      
      <testcase classname="fastlane.lanes" name="4: Switch to ios prepare lane" time="0.001052">
        
      </testcase>
    
      
      <testcase classname="fastlane.lanes" name="5: match" time="10.711835">
        
      </testcase>
    
      
      <testcase classname="fastlane.lanes" name="6: xcodebuild" time="4.501075">
        
          <failure message="/usr/local/lib/ruby/gems/2.4.0/gems/fastlane-2.125.2/fastlane/lib/fastlane/actions/actions_helper.rb:48:in `execute_action'&#10;/usr/local/lib/ruby/gems/2.4.0/gems/fastlane-2.125.2/fastlane/lib/fastlane/runner.rb:235:in `block in execute_action'&#10;/usr/local/lib/ruby/gems/2.4.0/gems/fastlane-2.125.2/fastlane/lib/fastlane/runner.rb:227:in `chdir'&#10;/usr/local/lib/ruby/gems/2.4.0/gems/fastlane-2.125.2/fastlane/lib/fastlane/runner.rb:227:in `execute_action'&#10;/usr/local/lib/ruby/gems/2.4.0/gems/fastlane-2.125.2/fastlane/lib/fastlane/runner.rb:157:in `trigger_action_by_name'&#10;/usr/local/lib/ruby/gems/2.4.0/gems/fastlane-2.125.2/fastlane/lib/fastlane/fast_file.rb:154:in `method_missing'&#10;Fastfile:37:in `block (2 levels) in parsing_binding'&#10;/usr/local/lib/ruby/gems/2.4.0/gems/fastlane-2.125.2/fastlane/lib/fastlane/lane.rb:33:in `call'&#10;/usr/local/lib/ruby/gems/2.4.0/gems/fastlane-2.125.2/fastlane/lib/fastlane/runner.rb:204:in `try_switch_to_lane'&#10;/usr/local/lib/ruby/gems/2.4.0/gems/fastlane-2.125.2/fastlane/lib/fastlane/runner.rb:146:in `trigger_action_by_name'&#10;/usr/local/lib/ruby/gems/2.4.0/gems/fastlane-2.125.2/fastlane/lib/fastlane/fast_file.rb:154:in `method_missing'&#10;Fastfile:31:in `block (2 levels) in parsing_binding'&#10;/usr/local/lib/ruby/gems/2.4.0/gems/fastlane-2.125.2/fastlane/lib/fastlane/lane.rb:33:in `call'&#10;/usr/local/lib/ruby/gems/2.4.0/gems/fastlane-2.125.2/fastlane/lib/fastlane/runner.rb:49:in `block in execute'&#10;/usr/local/lib/ruby/gems/2.4.0/gems/fastlane-2.125.2/fastlane/lib/fastlane/runner.rb:45:in `chdir'&#10;/usr/local/lib/ruby/gems/2.4.0/gems/fastlane-2.125.2/fastlane/lib/fastlane/runner.rb:45:in `execute'&#10;/usr/local/lib/ruby/gems/2.4.0/gems/fastlane-2.125.2/fastlane/lib/fastlane/lane_manager.rb:56:in `cruise_lane'&#10;/usr/local/lib/ruby/gems/2.4.0/gems/fastlane-2.125.2/fastlane/lib/fastlane/command_line_handler.rb:36:in `handle'&#10;/usr/local/lib/ruby/gems/2.4.0/gems/fastlane-2.125.2/fastlane/lib/fastlane/commands_generator.rb:108:in `block (2 levels) in run'&#10;/usr/local/lib/ruby/gems/2.4.0/gems/commander-fastlane-4.4.6/lib/commander/command.rb:178:in `call'&#10;/usr/local/lib/ruby/gems/2.4.0/gems/commander-fastlane-4.4.6/lib/commander/command.rb:153:in `run'&#10;/usr/local/lib/ruby/gems/2.4.0/gems/commander-fastlane-4.4.6/lib/commander/runner.rb:476:in `run_active_command'&#10;/usr/local/lib/ruby/gems/2.4.0/gems/fastlane-2.125.2/fastlane_core/lib/fastlane_core/ui/fastlane_runner.rb:76:in `run!'&#10;/usr/local/lib/ruby/gems/2.4.0/gems/commander-fastlane-4.4.6/lib/commander/delegates.rb:15:in `run!'&#10;/usr/local/lib/ruby/gems/2.4.0/gems/fastlane-2.125.2/fastlane/lib/fastlane/commands_generator.rb:333:in `run'&#10;/usr/local/lib/ruby/gems/2.4.0/gems/fastlane-2.125.2/fastlane/lib/fastlane/commands_generator.rb:41:in `start'&#10;/usr/local/lib/ruby/gems/2.4.0/gems/fastlane-2.125.2/fastlane/lib/fastlane/cli_tools_distributor.rb:119:in `take_off'&#10;/usr/local/lib/ruby/gems/2.4.0/gems/fastlane-2.125.2/bin/fastlane:23:in `&lt;top (required)&gt;'&#10;/usr/local/bin/fastlane:23:in `load'&#10;/usr/local/bin/fastlane:23:in `&lt;top (required)&gt;'&#10;/usr/local/lib/ruby/gems/2.4.0/gems/bundler-2.0.1/lib/bundler/cli/exec.rb:74:in `load'&#10;/usr/local/lib/ruby/gems/2.4.0/gems/bundler-2.0.1/lib/bundler/cli/exec.rb:74:in `kernel_load'&#10;/usr/local/lib/ruby/gems/2.4.0/gems/bundler-2.0.1/lib/bundler/cli/exec.rb:28:in `run'&#10;/usr/local/lib/ruby/gems/2.4.0/gems/bundler-2.0.1/lib/bundler/cli.rb:463:in `exec'&#10;/usr/local/lib/ruby/gems/2.4.0/gems/bundler-2.0.1/lib/bundler/vendor/thor/lib/thor/command.rb:27:in `run'&#10;/usr/local/lib/ruby/gems/2.4.0/gems/bundler-2.0.1/lib/bundler/vendor/thor/lib/thor/invocation.rb:126:in `invoke_command'&#10;/usr/local/lib/ruby/gems/2.4.0/gems/bundler-2.0.1/lib/bundler/vendor/thor/lib/thor.rb:387:in `dispatch'&#10;/usr/local/lib/ruby/gems/2.4.0/gems/bundler-2.0.1/lib/bundler/cli.rb:27:in `dispatch'&#10;/usr/local/lib/ruby/gems/2.4.0/gems/bundler-2.0.1/lib/bundler/vendor/thor/lib/thor/base.rb:466:in `start'&#10;/usr/local/lib/ruby/gems/2.4.0/gems/bundler-2.0.1/lib/bundler/cli.rb:18:in `start'&#10;/usr/local/lib/ruby/gems/2.4.0/gems/bundler-2.0.1/exe/bundle:30:in `block in &lt;top (required)&gt;'&#10;/usr/local/lib/ruby/gems/2.4.0/gems/bundler-2.0.1/lib/bundler/friendly_errors.rb:124:in `with_friendly_errors'&#10;/usr/local/lib/ruby/gems/2.4.0/gems/bundler-2.0.1/exe/bundle:22:in `&lt;top (required)&gt;'&#10;/usr/local/bin/bundle:23:in `load'&#10;/usr/local/bin/bundle:23:in `&lt;main&gt;'&#10;&#10;Exit status of command 'set -o pipefail &amp;&amp; xcodebuild -workspace &quot;GOLDMEDAL.xcworkspace&quot; -scheme &quot;GOLDMEDAL&quot; -configuration &quot;Debug&quot; build -destination &quot;generic/platform=iOS&quot; | tee '/Users/miguel/Library/Logs/fastlane/xcbuild/2019-06-06/91654/xcodebuild.log' | xcpretty --color --simple' was 65 instead of 0.&#10;--- xcodebuild: WARNING: Using the first of multiple matching destinations:&#10;{ platform:iOS, id:dvtdevice-DVTiPhonePlaceholder-iphoneos:placeholder, name:Generic iOS Device }&#10;{ platform:iOS, id:dvtdevice-DVTiPhonePlaceholder-iphoneos:placeholder, name:Generic iOS Device }&#10;{ platform:iOS, id:dvtdevice-DVTiPhonePlaceholder-iphoneos:placeholder, name:Generic iOS Device }&#10;{ platform:iOS, id:dvtdevice-DVTiPhonePlaceholder-iphoneos:placeholder, name:Generic iOS Device }&#10;{ platform:iOS, id:dvtdevice-DVTiPhonePlaceholder-iphoneos:placeholder, name:Generic iOS Device }&#10;{ platform:iOS, id:dvtdevice-DVTiPhonePlaceholder-iphoneos:placeholder, name:Generic iOS Device }&#10;{ platform:iOS, id:dvtdevice-DVTiPhonePlaceholder-iphoneos:placeholder, name:Generic iOS Device }&#10;{ platform:iOS, id:dvtdevice-DVTiPhonePlaceholder-iphoneos:placeholder, name:Generic iOS Device }&#10;{ platform:iOS, id:dvtdevice-DVTiPhonePlaceholder-iphoneos:placeholder, name:Generic iOS Device }&#10;&#10;[31mâŒ  error: Provisioning profile &quot;match Development com.gannasong.GOLDMEDAL&quot; doesn't include signing certificate &quot;iPhone Developer: Kai Min Chang (ZLWY9M752A)&quot;. (in target 'GOLDMEDAL')[0m&#10;&#10;&#10;** BUILD FAILED **&#10;&#10;" />
        
      </testcase>
    
  </testsuite>
</testsuites>
